<?xml version="1.1" encoding="UTF-8"?>
<testsuite name="br.com.example.RunCukesTest" tests="0" failures="0" errors="0" timestamp="1970-01-01T00:00:00" hostname="atlantico3702.local" time="0.0">
  <properties/>
  <system-out><![CDATA[
6 Scenarios (]]>&#x1b;<![CDATA[[32m6 passed]]>&#x1b;<![CDATA[[0m)
18 Steps (]]>&#x1b;<![CDATA[[32m18 passed]]>&#x1b;<![CDATA[[0m)
0m0.110s

]]></system-out>
  <system-err><![CDATA[]]></system-err>
</testsuite>
